2023-05-22 11:05:929 INFO  HomePage :26 - Click on Bank Manager Login Button[[ChromeDriver: chrome on WINDOWS (b575ddd9bb774df9551fc41378da4797)] -> xpath: //button[contains(text(),'Bank Manager Login')]]
2023-05-22 11:05:442 INFO  BankManagerLoginPage :27 - Click on Add Customer[[ChromeDriver: chrome on WINDOWS (b575ddd9bb774df9551fc41378da4797)] -> xpath: //body/div[3]/div[1]/div[2]/div[1]/div[1]/button[1]]
2023-05-22 11:05:862 INFO  AddCustomerPage :31 - Enter first name[[ChromeDriver: chrome on WINDOWS (b575ddd9bb774df9551fc41378da4797)] -> xpath: //input[@placeholder='First Name']]
2023-05-22 11:05:82 INFO  AddCustomerPage :36 - Enter last name[[ChromeDriver: chrome on WINDOWS (b575ddd9bb774df9551fc41378da4797)] -> xpath: //input[@placeholder='Last Name']]
2023-05-22 11:05:222 INFO  AddCustomerPage :41 - Enter Post code[[ChromeDriver: chrome on WINDOWS (b575ddd9bb774df9551fc41378da4797)] -> xpath: //input[@placeholder='Post Code']]
2023-05-22 11:05:357 INFO  AddCustomerPage :46 - Click on Add to Customer[[ChromeDriver: chrome on WINDOWS (b575ddd9bb774df9551fc41378da4797)] -> xpath: //button[@type='submit']]
2023-05-22 11:05:498 INFO  HomePage :26 - Click on Bank Manager Login Button[[ChromeDriver: chrome on WINDOWS (f2d97e14cf7fc65ab25392974a81ec66)] -> xpath: //button[contains(text(),'Bank Manager Login')]]
2023-05-22 11:05:962 INFO  BankManagerLoginPage :27 - Click on Add Customer[[ChromeDriver: chrome on WINDOWS (f2d97e14cf7fc65ab25392974a81ec66)] -> xpath: //body/div[3]/div[1]/div[2]/div[1]/div[1]/button[1]]
2023-05-22 11:05:469 INFO  AddCustomerPage :31 - Enter first name[[ChromeDriver: chrome on WINDOWS (f2d97e14cf7fc65ab25392974a81ec66)] -> xpath: //input[@placeholder='First Name']]
2023-05-22 11:05:725 INFO  AddCustomerPage :36 - Enter last name[[ChromeDriver: chrome on WINDOWS (f2d97e14cf7fc65ab25392974a81ec66)] -> xpath: //input[@placeholder='Last Name']]
2023-05-22 11:05:906 INFO  AddCustomerPage :41 - Enter Post code[[ChromeDriver: chrome on WINDOWS (f2d97e14cf7fc65ab25392974a81ec66)] -> xpath: //input[@placeholder='Post Code']]
2023-05-22 11:05:52 INFO  AddCustomerPage :46 - Click on Add to Customer[[ChromeDriver: chrome on WINDOWS (f2d97e14cf7fc65ab25392974a81ec66)] -> xpath: //button[@type='submit']]
2023-05-22 11:05:305 INFO  HomePage :26 - Click on Bank Manager Login Button[[ChromeDriver: chrome on WINDOWS (8963e4d5b23d67dc05c2063c75e352e7)] -> xpath: //button[contains(text(),'Bank Manager Login')]]
2023-05-22 11:05:753 INFO  BankManagerLoginPage :32 - Click on Open Account[[ChromeDriver: chrome on WINDOWS (8963e4d5b23d67dc05c2063c75e352e7)] -> xpath: //button[normalize-space()='Open Account']]
2023-05-22 11:05:93 INFO  OpenAccountPage :29 - Select Customer Name[[ChromeDriver: chrome on WINDOWS (8963e4d5b23d67dc05c2063c75e352e7)] -> id: userSelect]
2023-05-22 11:05:256 INFO  OpenAccountPage :34 - Select Currency[[ChromeDriver: chrome on WINDOWS (8963e4d5b23d67dc05c2063c75e352e7)] -> name: currency]
2023-05-22 11:05:460 INFO  OpenAccountPage :39 - Click on Process[[ChromeDriver: chrome on WINDOWS (8963e4d5b23d67dc05c2063c75e352e7)] -> css selector: button[type='submit']]
2023-05-22 11:05:711 INFO  HomePage :31 - Click on Customer Login ButtonProxy element for: DefaultElementLocator 'By.xpath: //label[normalize-space()='Your Name :']'
2023-05-22 11:05:355 INFO  HomePage :31 - Click on Customer Login ButtonProxy element for: DefaultElementLocator 'By.xpath: //label[normalize-space()='Your Name :']'
2023-05-22 11:05:35 INFO  HomePage :31 - Click on Customer Login ButtonProxy element for: DefaultElementLocator 'By.xpath: //label[normalize-space()='Your Name :']'
2023-05-22 12:05:840 INFO  HomePage :26 - Click on Bank Manager Login Button[[ChromeDriver: chrome on WINDOWS (4564f593eca3cb3631d89f18bed9ec41)] -> xpath: //button[contains(text(),'Bank Manager Login')]]
2023-05-22 12:05:342 INFO  BankManagerLoginPage :27 - Click on Add Customer[[ChromeDriver: chrome on WINDOWS (4564f593eca3cb3631d89f18bed9ec41)] -> xpath: //body/div[3]/div[1]/div[2]/div[1]/div[1]/button[1]]
2023-05-22 12:05:673 INFO  AddCustomerPage :31 - Enter first name[[ChromeDriver: chrome on WINDOWS (4564f593eca3cb3631d89f18bed9ec41)] -> xpath: //input[@placeholder='First Name']]
2023-05-22 12:05:917 INFO  AddCustomerPage :36 - Enter last name[[ChromeDriver: chrome on WINDOWS (4564f593eca3cb3631d89f18bed9ec41)] -> xpath: //input[@placeholder='Last Name']]
2023-05-22 12:05:57 INFO  AddCustomerPage :41 - Enter Post code[[ChromeDriver: chrome on WINDOWS (4564f593eca3cb3631d89f18bed9ec41)] -> xpath: //input[@placeholder='Post Code']]
2023-05-22 12:05:190 INFO  AddCustomerPage :46 - Click on Add to Customer[[ChromeDriver: chrome on WINDOWS (4564f593eca3cb3631d89f18bed9ec41)] -> xpath: //button[@type='submit']]
2023-05-22 12:05:527 INFO  HomePage :26 - Click on Bank Manager Login Button[[ChromeDriver: chrome on WINDOWS (14a0c7fef4ccc68e981446a694393fd9)] -> xpath: //button[contains(text(),'Bank Manager Login')]]
2023-05-22 12:05:28 INFO  BankManagerLoginPage :32 - Click on Open Account[[ChromeDriver: chrome on WINDOWS (14a0c7fef4ccc68e981446a694393fd9)] -> xpath: //button[normalize-space()='Open Account']]
2023-05-22 12:05:648 INFO  OpenAccountPage :29 - Select Customer Name[[ChromeDriver: chrome on WINDOWS (14a0c7fef4ccc68e981446a694393fd9)] -> id: userSelect]
2023-05-22 12:05:799 INFO  OpenAccountPage :34 - Select Currency[[ChromeDriver: chrome on WINDOWS (14a0c7fef4ccc68e981446a694393fd9)] -> name: currency]
2023-05-22 12:05:953 INFO  OpenAccountPage :39 - Click on Process[[ChromeDriver: chrome on WINDOWS (14a0c7fef4ccc68e981446a694393fd9)] -> css selector: button[type='submit']]
2023-05-22 12:05:230 INFO  HomePage :31 - Click on Customer Login Button[[ChromeDriver: chrome on WINDOWS (707dc19b920da19d09156b3e9cf34e0a)] -> xpath: //button[normalize-space()='Customer Login']]
2023-05-22 12:05:840 INFO  CustomerLoginPage :29 - Select Customer[[ChromeDriver: chrome on WINDOWS (707dc19b920da19d09156b3e9cf34e0a)] -> xpath: //select[@id='userSelect']]
2023-05-22 12:05:977 INFO  CustomerLoginPage :34 - Click on Login Button[[ChromeDriver: chrome on WINDOWS (707dc19b920da19d09156b3e9cf34e0a)] -> xpath: //button[normalize-space()='Login']]
2023-05-22 12:05:301 INFO  AccountPageStoreTransactionDepositAndWithdraw :51 - Verify text log out[[ChromeDriver: chrome on WINDOWS (707dc19b920da19d09156b3e9cf34e0a)] -> xpath: //button[@class='btn logout']]
2023-05-22 12:05:420 INFO  AccountPageStoreTransactionDepositAndWithdraw :56 - Click on logout button[[ChromeDriver: chrome on WINDOWS (707dc19b920da19d09156b3e9cf34e0a)] -> xpath: //button[@class='btn logout']]
2023-05-22 12:05:552 INFO  CustomerLoginPage :39 - Verify Text Your Name[[ChromeDriver: chrome on WINDOWS (707dc19b920da19d09156b3e9cf34e0a)] -> xpath: //label[normalize-space()='Your Name :']]
2023-05-22 12:05:848 INFO  HomePage :31 - Click on Customer Login Button[[ChromeDriver: chrome on WINDOWS (acffb8202a416053d4b093b54e38bb3c)] -> xpath: //button[normalize-space()='Customer Login']]
2023-05-22 12:05:452 INFO  CustomerLoginPage :29 - Select Customer[[ChromeDriver: chrome on WINDOWS (acffb8202a416053d4b093b54e38bb3c)] -> xpath: //select[@id='userSelect']]
2023-05-22 12:05:653 INFO  CustomerLoginPage :34 - Click on Login Button[[ChromeDriver: chrome on WINDOWS (acffb8202a416053d4b093b54e38bb3c)] -> xpath: //button[normalize-space()='Login']]
2023-05-22 12:05:968 INFO  AccountPageStoreTransactionDepositAndWithdraw :61 - Click on deposit button[[ChromeDriver: chrome on WINDOWS (acffb8202a416053d4b093b54e38bb3c)] -> xpath: (//button[@class='btn btn-lg tab'])[2]]
2023-05-22 12:05:331 INFO  AccountPageStoreTransactionDepositAndWithdraw :66 - Enter amount to Deposit[[ChromeDriver: chrome on WINDOWS (acffb8202a416053d4b093b54e38bb3c)] -> xpath: //input[@placeholder='amount']]
2023-05-22 12:05:458 INFO  AccountPageStoreTransactionDepositAndWithdraw :71 - Click on Deposit[[ChromeDriver: chrome on WINDOWS (acffb8202a416053d4b093b54e38bb3c)] -> xpath: //button[text()='Deposit']]
2023-05-22 12:05:658 INFO  AccountPageStoreTransactionDepositAndWithdraw :76 - Verify text Deposit successfulProxy element for: DefaultElementLocator 'By.xpath: //span[contains(text(),'Transaction successful')]'
2023-05-22 12:05:594 INFO  HomePage :31 - Click on Customer Login Button[[ChromeDriver: chrome on WINDOWS (246b43630f0cbce2b9f9e9861aaea3e1)] -> xpath: //button[normalize-space()='Customer Login']]
2023-05-22 12:05:82 INFO  CustomerLoginPage :29 - Select Customer[[ChromeDriver: chrome on WINDOWS (246b43630f0cbce2b9f9e9861aaea3e1)] -> xpath: //select[@id='userSelect']]
2023-05-22 12:05:414 INFO  CustomerLoginPage :34 - Click on Login Button[[ChromeDriver: chrome on WINDOWS (246b43630f0cbce2b9f9e9861aaea3e1)] -> xpath: //button[normalize-space()='Login']]
2023-05-22 12:05:755 INFO  AccountPageStoreTransactionDepositAndWithdraw :81 - Click on Withdraw button[[ChromeDriver: chrome on WINDOWS (246b43630f0cbce2b9f9e9861aaea3e1)] -> xpath: //button[@ng-click='withdrawl()']]
2023-05-22 12:05:221 INFO  AccountPageStoreTransactionDepositAndWithdraw :86 - Enter Amount to withdraw[[ChromeDriver: chrome on WINDOWS (246b43630f0cbce2b9f9e9861aaea3e1)] -> xpath: //input[@placeholder='amount']]
2023-05-22 12:05:478 INFO  AccountPageStoreTransactionDepositAndWithdraw :91 - Click on withdrawal[[ChromeDriver: chrome on WINDOWS (246b43630f0cbce2b9f9e9861aaea3e1)] -> xpath: //button[text()='Withdraw']]
2023-05-22 12:05:609 INFO  AccountPageStoreTransactionDepositAndWithdraw :96 - Verify text transaction successful[[ChromeDriver: chrome on WINDOWS (246b43630f0cbce2b9f9e9861aaea3e1)] -> xpath: //span[contains(text(),'Transaction successful')]]
2023-05-22 12:05:54 INFO  HomePage :31 - Click on Customer Login Button[[ChromeDriver: chrome on WINDOWS (a075270e839db8bfae56008d30d428da)] -> xpath: //button[normalize-space()='Customer Login']]
2023-05-22 12:05:398 INFO  CustomerLoginPage :29 - Select Customer[[ChromeDriver: chrome on WINDOWS (a075270e839db8bfae56008d30d428da)] -> xpath: //select[@id='userSelect']]
2023-05-22 12:05:761 INFO  CustomerLoginPage :34 - Click on Login Button[[ChromeDriver: chrome on WINDOWS (a075270e839db8bfae56008d30d428da)] -> xpath: //button[normalize-space()='Login']]
2023-05-22 12:05:80 INFO  AccountPageStoreTransactionDepositAndWithdraw :61 - Click on deposit button[[ChromeDriver: chrome on WINDOWS (a075270e839db8bfae56008d30d428da)] -> xpath: (//button[@class='btn btn-lg tab'])[2]]
2023-05-22 12:05:450 INFO  AccountPageStoreTransactionDepositAndWithdraw :66 - Enter amount to Deposit[[ChromeDriver: chrome on WINDOWS (a075270e839db8bfae56008d30d428da)] -> xpath: //input[@placeholder='amount']]
2023-05-22 12:05:802 INFO  AccountPageStoreTransactionDepositAndWithdraw :71 - Click on Deposit[[ChromeDriver: chrome on WINDOWS (a075270e839db8bfae56008d30d428da)] -> xpath: //button[text()='Deposit']]
2023-05-22 12:05:00 INFO  AccountPageStoreTransactionDepositAndWithdraw :76 - Verify text Deposit successfulProxy element for: DefaultElementLocator 'By.xpath: //span[contains(text(),'Transaction successful')]'
2023-05-22 12:05:808 INFO  HomePage :31 - Click on Customer Login Button[[ChromeDriver: chrome on WINDOWS (6485da2a47f70bf0de4177b567efc9e5)] -> xpath: //button[normalize-space()='Customer Login']]
2023-05-22 12:05:117 INFO  CustomerLoginPage :29 - Select Customer[[ChromeDriver: chrome on WINDOWS (6485da2a47f70bf0de4177b567efc9e5)] -> xpath: //select[@id='userSelect']]
2023-05-22 12:05:483 INFO  CustomerLoginPage :34 - Click on Login Button[[ChromeDriver: chrome on WINDOWS (6485da2a47f70bf0de4177b567efc9e5)] -> xpath: //button[normalize-space()='Login']]
2023-05-22 12:05:833 INFO  AccountPageStoreTransactionDepositAndWithdraw :61 - Click on deposit button[[ChromeDriver: chrome on WINDOWS (6485da2a47f70bf0de4177b567efc9e5)] -> xpath: (//button[@class='btn btn-lg tab'])[2]]
2023-05-22 12:05:330 INFO  AccountPageStoreTransactionDepositAndWithdraw :66 - Enter amount to Deposit[[ChromeDriver: chrome on WINDOWS (6485da2a47f70bf0de4177b567efc9e5)] -> xpath: //input[@placeholder='amount']]
2023-05-22 12:05:622 INFO  AccountPageStoreTransactionDepositAndWithdraw :71 - Click on Deposit[[ChromeDriver: chrome on WINDOWS (6485da2a47f70bf0de4177b567efc9e5)] -> xpath: //button[text()='Deposit']]
2023-05-22 12:05:831 INFO  AccountPageStoreTransactionDepositAndWithdraw :76 - Verify text Deposit successfulProxy element for: DefaultElementLocator 'By.xpath: //span[contains(text(),'Transaction successful')]'
2023-05-22 12:05:313 INFO  HomePage :26 - Click on Bank Manager Login Button[[ChromeDriver: chrome on WINDOWS (c899b7184616e12599413e1a60e12413)] -> xpath: //button[contains(text(),'Bank Manager Login')]]
2023-05-22 12:05:340 INFO  BankManagerLoginPage :27 - Click on Add Customer[[ChromeDriver: chrome on WINDOWS (c899b7184616e12599413e1a60e12413)] -> xpath: //body/div[3]/div[1]/div[2]/div[1]/div[1]/button[1]]
2023-05-22 12:05:666 INFO  AddCustomerPage :31 - Enter first name[[ChromeDriver: chrome on WINDOWS (c899b7184616e12599413e1a60e12413)] -> xpath: //input[@placeholder='First Name']]
2023-05-22 12:05:850 INFO  AddCustomerPage :36 - Enter last name[[ChromeDriver: chrome on WINDOWS (c899b7184616e12599413e1a60e12413)] -> xpath: //input[@placeholder='Last Name']]
2023-05-22 12:05:974 INFO  AddCustomerPage :41 - Enter Post code[[ChromeDriver: chrome on WINDOWS (c899b7184616e12599413e1a60e12413)] -> xpath: //input[@placeholder='Post Code']]
2023-05-22 12:05:125 INFO  AddCustomerPage :46 - Click on Add to Customer[[ChromeDriver: chrome on WINDOWS (c899b7184616e12599413e1a60e12413)] -> xpath: //button[@type='submit']]
2023-05-22 12:05:693 INFO  HomePage :26 - Click on Bank Manager Login Button[[ChromeDriver: chrome on WINDOWS (c56460bffa96d7715ad0804d9ee95b02)] -> xpath: //button[contains(text(),'Bank Manager Login')]]
2023-05-22 12:05:993 INFO  BankManagerLoginPage :32 - Click on Open Account[[ChromeDriver: chrome on WINDOWS (c56460bffa96d7715ad0804d9ee95b02)] -> xpath: //button[normalize-space()='Open Account']]
2023-05-22 12:05:538 INFO  OpenAccountPage :29 - Select Customer Name[[ChromeDriver: chrome on WINDOWS (c56460bffa96d7715ad0804d9ee95b02)] -> id: userSelect]
2023-05-22 12:05:728 INFO  OpenAccountPage :34 - Select Currency[[ChromeDriver: chrome on WINDOWS (c56460bffa96d7715ad0804d9ee95b02)] -> name: currency]
2023-05-22 12:05:857 INFO  OpenAccountPage :39 - Click on Process[[ChromeDriver: chrome on WINDOWS (c56460bffa96d7715ad0804d9ee95b02)] -> css selector: button[type='submit']]
2023-05-22 12:05:126 INFO  HomePage :31 - Click on Customer Login Button[[ChromeDriver: chrome on WINDOWS (0d72cf5dda172e8af4272ce544773d5e)] -> xpath: //button[normalize-space()='Customer Login']]
2023-05-22 12:05:983 INFO  CustomerLoginPage :29 - Select Customer[[ChromeDriver: chrome on WINDOWS (0d72cf5dda172e8af4272ce544773d5e)] -> xpath: //select[@id='userSelect']]
2023-05-22 12:05:124 INFO  CustomerLoginPage :34 - Click on Login Button[[ChromeDriver: chrome on WINDOWS (0d72cf5dda172e8af4272ce544773d5e)] -> xpath: //button[normalize-space()='Login']]
2023-05-22 12:05:476 INFO  AccountPageStoreTransactionDepositAndWithdraw :48 - Verify text log out[[ChromeDriver: chrome on WINDOWS (0d72cf5dda172e8af4272ce544773d5e)] -> xpath: //button[@class='btn logout']]
2023-05-22 12:05:593 INFO  AccountPageStoreTransactionDepositAndWithdraw :53 - Click on logout button[[ChromeDriver: chrome on WINDOWS (0d72cf5dda172e8af4272ce544773d5e)] -> xpath: //button[@class='btn logout']]
2023-05-22 12:05:755 INFO  CustomerLoginPage :39 - Verify Text Your Name[[ChromeDriver: chrome on WINDOWS (0d72cf5dda172e8af4272ce544773d5e)] -> xpath: //label[normalize-space()='Your Name :']]
2023-05-22 12:05:188 INFO  HomePage :31 - Click on Customer Login Button[[ChromeDriver: chrome on WINDOWS (201f400bf2466019d241384737f3101d)] -> xpath: //button[normalize-space()='Customer Login']]
2023-05-22 12:05:33 INFO  CustomerLoginPage :29 - Select Customer[[ChromeDriver: chrome on WINDOWS (201f400bf2466019d241384737f3101d)] -> xpath: //select[@id='userSelect']]
2023-05-22 12:05:235 INFO  CustomerLoginPage :34 - Click on Login Button[[ChromeDriver: chrome on WINDOWS (201f400bf2466019d241384737f3101d)] -> xpath: //button[normalize-space()='Login']]
2023-05-22 12:05:616 INFO  AccountPageStoreTransactionDepositAndWithdraw :58 - Click on deposit button[[ChromeDriver: chrome on WINDOWS (201f400bf2466019d241384737f3101d)] -> xpath: (//button[@class='btn btn-lg tab'])[2]]
2023-05-22 12:05:07 INFO  AccountPageStoreTransactionDepositAndWithdraw :63 - Enter amount to Deposit[[ChromeDriver: chrome on WINDOWS (201f400bf2466019d241384737f3101d)] -> xpath: //input[@placeholder='amount']]
2023-05-22 12:05:252 INFO  AccountPageStoreTransactionDepositAndWithdraw :68 - Click on Deposit[[ChromeDriver: chrome on WINDOWS (201f400bf2466019d241384737f3101d)] -> xpath: //button[text()='Deposit']]
2023-05-22 12:05:351 INFO  AccountPageStoreTransactionDepositAndWithdraw :73 - Verify text Deposit successful[[ChromeDriver: chrome on WINDOWS (201f400bf2466019d241384737f3101d)] -> xpath: //span[contains(text(),'Deposit Successful')]]
2023-05-22 12:05:479 INFO  HomePage :31 - Click on Customer Login Button[[ChromeDriver: chrome on WINDOWS (fe638b718a6cb131ecb4d4a88cbc0c33)] -> xpath: //button[normalize-space()='Customer Login']]
2023-05-22 12:05:810 INFO  CustomerLoginPage :29 - Select Customer[[ChromeDriver: chrome on WINDOWS (fe638b718a6cb131ecb4d4a88cbc0c33)] -> xpath: //select[@id='userSelect']]
2023-05-22 12:05:988 INFO  CustomerLoginPage :34 - Click on Login Button[[ChromeDriver: chrome on WINDOWS (fe638b718a6cb131ecb4d4a88cbc0c33)] -> xpath: //button[normalize-space()='Login']]
2023-05-22 12:05:333 INFO  AccountPageStoreTransactionDepositAndWithdraw :78 - Click on Withdraw button[[ChromeDriver: chrome on WINDOWS (fe638b718a6cb131ecb4d4a88cbc0c33)] -> xpath: //button[@ng-click='withdrawl()']]
2023-05-22 12:05:610 INFO  AccountPageStoreTransactionDepositAndWithdraw :83 - Enter Amount to withdraw[[ChromeDriver: chrome on WINDOWS (fe638b718a6cb131ecb4d4a88cbc0c33)] -> xpath: //input[@placeholder='amount']]
2023-05-22 12:05:752 INFO  AccountPageStoreTransactionDepositAndWithdraw :88 - Click on withdrawal[[ChromeDriver: chrome on WINDOWS (fe638b718a6cb131ecb4d4a88cbc0c33)] -> xpath: //button[text()='Withdraw']]
2023-05-22 12:05:882 INFO  AccountPageStoreTransactionDepositAndWithdraw :93 - Verify text transaction successful[[ChromeDriver: chrome on WINDOWS (fe638b718a6cb131ecb4d4a88cbc0c33)] -> xpath: //span[contains(text(),'Transaction successful')]]
